live2D/build/intermediates/manifest_merge_blame_file/debug/manifest-merger-blame-debug-report.txt
1<?xml version="1.0" encoding="utf-8"?>
2<manifest xmlns:android="http://schemas.android.com/apk/res/android"
3    package="jp.live2d.sample"
4    android:versionCode="1"
5    android:versionName="1.0" >
6
7    <uses-sdk
8        android:minSdkVersion="14"
8-->src\main\AndroidManifest.xml
9        android:targetSdkVersion="28" />
9-->src\main\AndroidManifest.xml
10
11    <uses-permission android:name="android.permission.RECORD_AUDIO" />
11-->src\main\AndroidManifest.xml:6:1-83
11-->src\main\AndroidManifest.xml:6:18-64
12
13    <application
13-->src\main\AndroidManifest.xml:7:5-23:19
14        android:icon="@drawable/icon"
14-->src\main\AndroidManifest.xml:8:9-38
15        android:label="@string/app_name"
15-->src\main\AndroidManifest.xml:9:9-41
16        android:theme="@style/AppTheme" >
16-->src\main\AndroidManifest.xml:10:9-40
17
18        <!-- <activity -->
19        <!-- android:name=".SampleApplication" -->
20        <!-- android:label="@string/app_name" -->
21        <!-- android:screenOrientation="portrait" -->
22        <!-- > -->
23
24
25        <!-- <intent-filter> -->
26        <!-- <action android:name="android.intent.action.MAIN" /> -->
27
28
29        <!-- <category android:name="android.intent.category.LAUNCHER" /> -->
30        <!-- </intent-filter> -->
31        <!-- </activity> -->
32    </application>
33
34</manifest>